2020-08-23 22:20:48,470  INFO [main] TestListener:55 - *** Test execution titleCheck failed...
2020-08-23 22:20:48,480  INFO [main] TestListener:56 - titleCheck failed!
2020-08-23 22:22:00,779 DEBUG [main] cache:45 - Couldn't find template in cache for "index.ftl"("en", UTF-8, parsed); will try to load it.
2020-08-23 22:22:00,969 DEBUG [main] cache:45 - TemplateLoader.findTemplateSource("index_en.ftl"): Not found
2020-08-23 22:22:00,981 DEBUG [main] cache:45 - TemplateLoader.findTemplateSource("index.ftl"): Found
2020-08-23 22:22:00,985 DEBUG [main] cache:45 - Loading template for "index.ftl"("en", UTF-8, parsed) from "jar:file:/C:/Users/rageaholic/.m2/repository/com/aventstack/extentreports/3.1.1/extentreports-3.1.1.jar!/com/aventstack/extentreports/view/html-report/index.ftl"
2020-08-23 22:22:03,284 DEBUG [main] cache:45 - Couldn't find template in cache for "head.ftl"("en", UTF-8, parsed); will try to load it.
2020-08-23 22:22:03,291 DEBUG [main] cache:45 - TemplateLoader.findTemplateSource("head_en.ftl"): Not found
2020-08-23 22:22:03,297 DEBUG [main] cache:45 - TemplateLoader.findTemplateSource("head.ftl"): Found
2020-08-23 22:22:03,301 DEBUG [main] cache:45 - Loading template for "head.ftl"("en", UTF-8, parsed) from "jar:file:/C:/Users/rageaholic/.m2/repository/com/aventstack/extentreports/3.1.1/extentreports-3.1.1.jar!/com/aventstack/extentreports/view/html-report/head.ftl"
2020-08-23 22:22:03,317 DEBUG [main] cache:45 - Couldn't find template in cache for "nav.ftl"("en", UTF-8, parsed); will try to load it.
2020-08-23 22:22:03,321 DEBUG [main] cache:45 - TemplateLoader.findTemplateSource("nav_en.ftl"): Not found
2020-08-23 22:22:03,325 DEBUG [main] cache:45 - TemplateLoader.findTemplateSource("nav.ftl"): Found
2020-08-23 22:22:03,327 DEBUG [main] cache:45 - Loading template for "nav.ftl"("en", UTF-8, parsed) from "jar:file:/C:/Users/rageaholic/.m2/repository/com/aventstack/extentreports/3.1.1/extentreports-3.1.1.jar!/com/aventstack/extentreports/view/html-report/nav.ftl"
2020-08-23 22:22:03,386 DEBUG [main] cache:45 - Couldn't find template in cache for "test-view/test-view.ftl"("en", UTF-8, parsed); will try to load it.
2020-08-23 22:22:03,390 DEBUG [main] cache:45 - TemplateLoader.findTemplateSource("test-view/test-view_en.ftl"): Not found
2020-08-23 22:22:03,395 DEBUG [main] cache:45 - TemplateLoader.findTemplateSource("test-view/test-view.ftl"): Found
2020-08-23 22:22:03,399 DEBUG [main] cache:45 - Loading template for "test-view/test-view.ftl"("en", UTF-8, parsed) from "jar:file:/C:/Users/rageaholic/.m2/repository/com/aventstack/extentreports/3.1.1/extentreports-3.1.1.jar!/com/aventstack/extentreports/view/html-report/test-view/test-view.ftl"
2020-08-23 22:22:03,472 DEBUG [main] cache:45 - Couldn't find template in cache for "test-view/standard.ftl"("en", UTF-8, parsed); will try to load it.
2020-08-23 22:22:03,477 DEBUG [main] cache:45 - TemplateLoader.findTemplateSource("test-view/standard_en.ftl"): Not found
2020-08-23 22:22:03,482 DEBUG [main] cache:45 - TemplateLoader.findTemplateSource("test-view/standard.ftl"): Found
2020-08-23 22:22:03,486 DEBUG [main] cache:45 - Loading template for "test-view/standard.ftl"("en", UTF-8, parsed) from "jar:file:/C:/Users/rageaholic/.m2/repository/com/aventstack/extentreports/3.1.1/extentreports-3.1.1.jar!/com/aventstack/extentreports/view/html-report/test-view/standard.ftl"
2020-08-23 22:22:03,578 DEBUG [main] cache:45 - Couldn't find template in cache for "test-view/test-view-charts.ftl"("en", UTF-8, parsed); will try to load it.
2020-08-23 22:22:03,587 DEBUG [main] cache:45 - TemplateLoader.findTemplateSource("test-view/test-view-charts_en.ftl"): Not found
2020-08-23 22:22:03,611 DEBUG [main] cache:45 - TemplateLoader.findTemplateSource("test-view/test-view-charts.ftl"): Found
2020-08-23 22:22:03,614 DEBUG [main] cache:45 - Loading template for "test-view/test-view-charts.ftl"("en", UTF-8, parsed) from "jar:file:/C:/Users/rageaholic/.m2/repository/com/aventstack/extentreports/3.1.1/extentreports-3.1.1.jar!/com/aventstack/extentreports/view/html-report/test-view/test-view-charts.ftl"
2020-08-23 22:22:03,656 DEBUG [main] cache:45 - Couldn't find template in cache for "category-view/category-view.ftl"("en", UTF-8, parsed); will try to load it.
2020-08-23 22:22:03,668 DEBUG [main] cache:45 - TemplateLoader.findTemplateSource("category-view/category-view_en.ftl"): Not found
2020-08-23 22:22:03,673 DEBUG [main] cache:45 - TemplateLoader.findTemplateSource("category-view/category-view.ftl"): Found
2020-08-23 22:22:03,682 DEBUG [main] cache:45 - Loading template for "category-view/category-view.ftl"("en", UTF-8, parsed) from "jar:file:/C:/Users/rageaholic/.m2/repository/com/aventstack/extentreports/3.1.1/extentreports-3.1.1.jar!/com/aventstack/extentreports/view/html-report/category-view/category-view.ftl"
2020-08-23 22:22:03,720 DEBUG [main] cache:45 - Couldn't find template in cache for "author-view/author-view.ftl"("en", UTF-8, parsed); will try to load it.
2020-08-23 22:22:03,726 DEBUG [main] cache:45 - TemplateLoader.findTemplateSource("author-view/author-view_en.ftl"): Not found
2020-08-23 22:22:03,732 DEBUG [main] cache:45 - TemplateLoader.findTemplateSource("author-view/author-view.ftl"): Found
2020-08-23 22:22:03,735 DEBUG [main] cache:45 - Loading template for "author-view/author-view.ftl"("en", UTF-8, parsed) from "jar:file:/C:/Users/rageaholic/.m2/repository/com/aventstack/extentreports/3.1.1/extentreports-3.1.1.jar!/com/aventstack/extentreports/view/html-report/author-view/author-view.ftl"
2020-08-23 22:22:03,797 DEBUG [main] cache:45 - Couldn't find template in cache for "exception-view/exception-view.ftl"("en", UTF-8, parsed); will try to load it.
2020-08-23 22:22:03,803 DEBUG [main] cache:45 - TemplateLoader.findTemplateSource("exception-view/exception-view_en.ftl"): Not found
2020-08-23 22:22:03,811 DEBUG [main] cache:45 - TemplateLoader.findTemplateSource("exception-view/exception-view.ftl"): Found
2020-08-23 22:22:03,817 DEBUG [main] cache:45 - Loading template for "exception-view/exception-view.ftl"("en", UTF-8, parsed) from "jar:file:/C:/Users/rageaholic/.m2/repository/com/aventstack/extentreports/3.1.1/extentreports-3.1.1.jar!/com/aventstack/extentreports/view/html-report/exception-view/exception-view.ftl"
2020-08-23 22:22:03,904 DEBUG [main] cache:45 - Couldn't find template in cache for "dashboard-view/dashboard-view.ftl"("en", UTF-8, parsed); will try to load it.
2020-08-23 22:22:03,909 DEBUG [main] cache:45 - TemplateLoader.findTemplateSource("dashboard-view/dashboard-view_en.ftl"): Not found
2020-08-23 22:22:03,922 DEBUG [main] cache:45 - TemplateLoader.findTemplateSource("dashboard-view/dashboard-view.ftl"): Found
2020-08-23 22:22:03,925 DEBUG [main] cache:45 - Loading template for "dashboard-view/dashboard-view.ftl"("en", UTF-8, parsed) from "jar:file:/C:/Users/rageaholic/.m2/repository/com/aventstack/extentreports/3.1.1/extentreports-3.1.1.jar!/com/aventstack/extentreports/view/html-report/dashboard-view/dashboard-view.ftl"
2020-08-23 22:22:03,985 DEBUG [main] cache:45 - Couldn't find template in cache for "logs-view/testrunner-logs-view.ftl"("en", UTF-8, parsed); will try to load it.
2020-08-23 22:22:03,989 DEBUG [main] cache:45 - TemplateLoader.findTemplateSource("logs-view/testrunner-logs-view_en.ftl"): Not found
2020-08-23 22:22:03,994 DEBUG [main] cache:45 - TemplateLoader.findTemplateSource("logs-view/testrunner-logs-view.ftl"): Found
2020-08-23 22:22:03,998 DEBUG [main] cache:45 - Loading template for "logs-view/testrunner-logs-view.ftl"("en", UTF-8, parsed) from "jar:file:/C:/Users/rageaholic/.m2/repository/com/aventstack/extentreports/3.1.1/extentreports-3.1.1.jar!/com/aventstack/extentreports/view/html-report/logs-view/testrunner-logs-view.ftl"
